\BOOKMARK [-1][]{title.-1}{\376\377\127\372\116\216\165\050\142\067\165\073\120\317\166\204\142\113\147\072\116\073\230\230\143\250\203\120\174\373\176\337}{}% 1
\BOOKMARK [0][]{chapter*.1}{\376\377\144\130\211\201}{title.-1}% 2
\BOOKMARK [0][]{chapter*.2}{\376\377\000A\000B\000S\000T\000R\000A\000C\000T}{title.-1}% 3
\BOOKMARK [0][]{chapter*.3}{\376\377\166\356\137\125}{title.-1}% 4
\BOOKMARK [0][]{section*.4}{\376\377\210\150\150\074\175\042\137\025}{title.-1}% 5
\BOOKMARK [0][]{section*.6}{\376\377\143\322\126\376\175\042\137\025}{title.-1}% 6
\BOOKMARK [0][]{section*.8}{\376\377\173\227\154\325\175\042\137\025}{title.-1}% 7
\BOOKMARK [0][]{chapter*.10}{\376\377\116\073\211\201\173\046\123\367\133\371\161\147\210\150}{title.-1}% 8
\BOOKMARK [0][]{chapter.1}{\376\377\173\054\116\000\172\340\000\040\000\040\176\352\213\272}{title.-1}% 9
\BOOKMARK [1][]{section.1.1}{\376\377\0001\000.\0001\000\040\170\024\172\166\200\314\146\157\116\016\141\017\116\111}{chapter.1}% 10
\BOOKMARK [1][]{section.1.2}{\376\377\0001\000.\0002\000\040\170\024\172\166\121\205\133\271}{chapter.1}% 11
\BOOKMARK [2][]{subsection.1.2.1}{\376\377\0001\000.\0002\000.\0001\000\040\145\160\143\156\226\306\116\313\176\315}{section.1.2}% 12
\BOOKMARK [1][]{section.1.3}{\376\377\0001\000.\0003\000\040\213\272\145\207\176\323\147\204}{chapter.1}% 13
\BOOKMARK [0][]{chapter.2}{\376\377\173\054\116\214\172\340\000\040\000\040\142\113\147\072\116\073\230\230\143\250\203\120\174\373\176\337\151\202\217\360}{title.-1}% 14
\BOOKMARK [1][]{section.2.1}{\376\377\0002\000.\0001\000\040\137\025\212\000}{chapter.2}% 15
\BOOKMARK [1][]{section.2.2}{\376\377\0002\000.\0002\000\040\142\113\147\072\116\073\230\230\143\250\203\120\174\373\176\337\127\372\147\054\151\202\137\365}{chapter.2}% 16
\BOOKMARK [1][]{section.2.3}{\376\377\0002\000.\0003\000\040\142\113\147\072\116\073\230\230\143\250\203\120\174\373\176\337\173\227\154\325\152\041\127\213}{chapter.2}% 17
\BOOKMARK [2][]{subsection.2.3.1}{\376\377\0002\000.\0003\000.\0001\000\040\123\117\124\014\217\307\156\344\173\227\154\325}{section.2.3}% 18
\BOOKMARK [2][]{subsection.2.3.2}{\376\377\0002\000.\0003\000.\0002\000\040\200\132\174\173\152\041\127\213\173\227\154\325}{section.2.3}% 19
\BOOKMARK [2][]{subsection.2.3.3}{\376\377\0002\000.\0003\000.\0003\000\040\000S\000l\000o\000p\000e\000O\000n\000e\000\040\173\227\154\325}{section.2.3}% 20
\BOOKMARK [2][]{subsection.2.3.4}{\376\377\0002\000.\0003\000.\0004\000\040\150\007\173\176\117\040\144\255\173\227\154\325}{section.2.3}% 21
\BOOKMARK [2][]{subsection.2.3.5}{\376\377\0002\000.\0003\000.\0005\000\040\147\000\217\321\160\271\121\373\152\041\127\213}{section.2.3}% 22
\BOOKMARK [2][]{subsection.2.3.6}{\376\377\0002\000.\0003\000.\0006\000\040\121\166\116\326\143\250\203\120\173\227\154\325\124\214\142\200\147\057}{section.2.3}% 23
\BOOKMARK [1][]{section.2.4}{\376\377\0002\000.\0004\000\040\142\113\147\072\116\073\230\230\143\250\203\120\174\373\176\337\166\204\122\250\140\001\162\171\140\047}{chapter.2}% 24
\BOOKMARK [1][]{section.2.5}{\376\377\0002\000.\0005\000\040\143\250\203\120\174\373\176\337\213\304\155\113}{chapter.2}% 25
\BOOKMARK [2][]{subsection.2.5.1}{\376\377\0002\000.\0005\000.\0001\000\040\176\337\213\241\140\047\143\007\150\007}{section.2.5}% 26
\BOOKMARK [2][]{subsection.2.5.2}{\376\377\0002\000.\0005\000.\0002\000\040\165\050\142\067\141\037\140\047\143\007\150\007}{section.2.5}% 27
\BOOKMARK [2][]{subsection.2.5.3}{\376\377\0002\000.\0005\000.\0003\000\040\121\166\116\326\174\373\176\337\140\047\143\007\150\007}{section.2.5}% 28
\BOOKMARK [1][]{section.2.6}{\376\377\0002\000.\0006\000\040\147\054\172\340\134\017\176\323}{chapter.2}% 29
\BOOKMARK [0][]{chapter.3}{\376\377\173\054\116\011\172\340\000\040\000\040\165\050\142\067\165\073\120\317\136\372\152\041}{title.-1}% 30
\BOOKMARK [1][]{section.3.1}{\376\377\0003\000.\0001\000\040\165\050\142\067\165\073\120\317\166\204\145\160\143\156\147\145\156\220}{chapter.3}% 31
\BOOKMARK [1][]{section.3.2}{\376\377\0003\000.\0002\000\040\150\007\173\176\147\103\221\315\213\241\173\227}{chapter.3}% 32
\BOOKMARK [1][]{section.3.3}{\376\377\0003\000.\0003\000\040\165\050\142\067\165\073\120\317\136\372\152\041\145\271\137\017}{chapter.3}% 33
\BOOKMARK [1][]{section.3.4}{\376\377\0003\000.\0004\000\040\165\050\142\067\165\073\120\317\166\204\176\364\136\246\122\006\147\220}{chapter.3}% 34
\BOOKMARK [2][]{subsection.3.4.1}{\376\377\0003\000.\0004\000.\0001\000\040\134\136\140\047\176\364\136\246}{section.3.4}% 35
\BOOKMARK [2][]{subsection.3.4.2}{\376\377\0003\000.\0004\000.\0002\000\040\121\164\215\243\176\364\136\246}{section.3.4}% 36
\BOOKMARK [2][]{subsection.3.4.3}{\376\377\0003\000.\0004\000.\0003\000\040\171\076\116\244\176\364\136\246}{section.3.4}% 37
\BOOKMARK [2][]{subsection.3.4.4}{\376\377\0003\000.\0004\000.\0004\000\040\210\114\116\072\176\364\136\246}{section.3.4}% 38
\BOOKMARK [1][]{section.3.5}{\376\377\0003\000.\0005\000\040\165\050\142\067\165\073\120\317\213\304\117\060\145\271\154\325}{chapter.3}% 39
\BOOKMARK [2][]{subsection.3.5.1}{\376\377\0003\000.\0005\000.\0001\000\040\176\277\116\013\155\113\213\325}{section.3.5}% 40
\BOOKMARK [2][]{subsection.3.5.2}{\376\377\0003\000.\0005\000.\0002\000\040\176\277\116\012\000A\000/\000B\155\113\213\325}{section.3.5}% 41
\BOOKMARK [1][]{section.3.6}{\376\377\0003\000.\0006\000\040\140\073\176\323}{chapter.3}% 42
\BOOKMARK [0][]{chapter.4}{\376\377\173\054\126\333\172\340\000\040\000\040\165\050\142\067\121\164\215\243\143\242\175\042}{title.-1}% 43
\BOOKMARK [1][]{section.4.1}{\376\377\0004\000.\0001\000\040\165\050\142\067\210\114\116\072\145\160\143\156\166\204\133\130\120\250}{chapter.4}% 44
\BOOKMARK [2][]{subsection.4.1.1}{\376\377\0004\000.\0001\000.\0001\000\040\000H\000D\000F\000S\166\204\117\123\174\373\147\266\147\204}{section.4.1}% 45
\BOOKMARK [2][]{subsection.4.1.2}{\376\377\0004\000.\0001\000.\0002\000\040\000M\000a\000p\000R\000e\000d\000u\000c\000e\117\123\174\373\147\266\147\204}{section.4.1}% 46
\BOOKMARK [2][]{subsection.4.1.3}{\376\377\0004\000.\0001\000.\0003\000\040\000H\000b\000a\000s\000e\145\160\143\156\173\241\164\006}{section.4.1}% 47
\BOOKMARK [2][]{subsection.4.1.4}{\376\377\0004\000.\0001\000.\0004\000\040\000H\000i\000v\000e\145\160\143\156\173\241\164\006}{section.4.1}% 48
\BOOKMARK [1][]{section.4.2}{\376\377\0004\000.\0002\000\040\165\050\142\067\210\114\116\072\145\160\143\156\166\204\166\204\230\204\131\004\164\006}{chapter.4}% 49
\BOOKMARK [2][]{subsection.4.2.1}{\376\377\0004\000.\0002\000.\0001\000\040\200\314\146\157}{section.4.2}% 50
\BOOKMARK [2][]{subsection.4.2.2}{\376\377\0004\000.\0002\000.\0002\000\040\162\171\137\201\143\320\123\326}{section.4.2}% 51
\BOOKMARK [2][]{subsection.4.2.3}{\376\377\0004\000.\0002\000.\0003\000\040\162\171\137\201\203\267\123\326\145\271\137\017}{section.4.2}% 52
\BOOKMARK [2][]{subsection.4.2.4}{\376\377\0004\000.\0002\000.\0004\000\040\165\050\142\067\210\114\116\072\145\160\143\156\230\204\131\004\164\006}{section.4.2}% 53
\BOOKMARK [1][]{section.4.3}{\376\377\0004\000.\0003\000\040\165\050\142\067\121\164\215\243\143\242\175\042\166\204\173\227\154\325\152\041\127\213}{chapter.4}% 54
\BOOKMARK [2][]{subsection.4.3.1}{\376\377\0004\000.\0003\000.\0001\000\040\127\372\147\054\151\202\137\365\151\202\217\360}{section.4.3}% 55
\BOOKMARK [0][]{chapter*.29}{\376\377\123\302\200\003\145\207\163\056}{title.-1}% 56
\BOOKMARK [0][]{chapter*.30}{\376\377\201\364\214\042}{title.-1}% 57
