This is XeTeX, Version 3.14159265-2.6-0.99992 (TeX Live 2015) (preloaded format=xelatex 2015.12.23)  3 SEP 2016 19:01
entering extended mode
 restricted \write18 enabled.
 file:line:error style messages enabled.
 %&-line parsing enabled.
**0chap-abstract.tex
(./0chap-abstract.tex
LaTeX2e <2015/01/01>
Babel <3.9l> and hyphenation patterns for 79 languages loaded.

./0chap-abstract.tex:1: LaTeX Error: Environment cnabstract undefined.

See the LaTeX manual or LaTeX Companion for explanation.
Type  H <return>  for immediate help.
 ...                                              
                                                  
l.1 \begin{cnabstract}
                      
? 
./0chap-abstract.tex:1: Emergency stop.
 ...                                              
                                                  
l.1 \begin{cnabstract}
                      
Your command was ignored.
Type  I <command> <return>  to replace it with another command,
or  <return>  to continue without it.

 
Here is how much of TeX's memory you used:
 6 strings out of 493706
 221 string characters out of 6145768
 53323 words of memory out of 5000000
 3447 multiletter control sequences out of 15000+600000
 3640 words of font info for 14 fonts, out of 8000000 for 9000
 1328 hyphenation exceptions out of 8191
 5i,0n,4p,50b,16s stack positions out of 5000i,500n,10000p,200000b,80000s
No pages of output.
